716-MALI already analyzed
Submitting Job 718-MALI
Submitted batch job 3685875
Submitting Job 719-MALI
Submitted batch job 3685876
Submitting Job 720-MALI
Submitted batch job 3685877
Submitting Job 726-MALI
Submitted batch job 3685878
Submitting Job 727-MALI
Submitted batch job 3685879
Submitting Job 729-MALI
Submitted batch job 3685880
Submitting Job 733-MALI
Submitted batch job 3685881
Submitting Job 739-MALI
Submitted batch job 3685882
Submitting Job 747-MALI
Submitted batch job 3685883
Submitting Job 754-MALI
Submitted batch job 3685884
Submitting Job 755-MALI
Submitted batch job 3685885
Submitting Job 759-MALI
Submitted batch job 3685886
Submitting Job 760-MALI
Submitted batch job 3685887
Submitting Job 761-MALI
Submitted batch job 3685888
Submitting Job 762-MALI
Submitted batch job 3685889
Submitting Job 785-MALI
Submitted batch job 3685890
Submitting Job 798-MALI
Submitted batch job 3685891
Submitting Job 799-MALI
Submitted batch job 3685892
Submitting Job 802-MALI
Submitted batch job 3685893
Submitting Job 806-MALI
Submitted batch job 3685894
Submitting Job 807-MALI
Submitted batch job 3685895
Submitting Job 808-MALI
Submitted batch job 3685896
Submitting Job 811-MALI
Submitted batch job 3685897
Submitting Job 812-MALI
Submitted batch job 3685898
Submitting Job 813-MALI
Submitted batch job 3685899
Submitting Job 814-MALI
Submitted batch job 3685900
Submitting Job 815-MALI
Submitted batch job 3685901
Submitting Job 816-MALI
Submitted batch job 3685902
Submitting Job 817-MALI
Submitted batch job 3685903
Submitting Job 818-MALI
Submitted batch job 3685904
Submitting Job 819-MALI
Submitted batch job 3685905
Submitting Job 820-MALI
Submitted batch job 3685906
Submitting Job 824-MALI
Submitted batch job 3685907
Submitting Job 825-MALI
Submitted batch job 3685908
Submitting Job 827-MALI
Submitted batch job 3685909
Submitting Job 828-MALI
Submitted batch job 3685910
Submitting Job 832-MALI
Submitted batch job 3685911
Submitting Job 834-MALI
Submitted batch job 3685912
Submitting Job 836-MALI
Submitted batch job 3685913
Submitting Job 841-MALI
Submitted batch job 3685914
Submitting Job 842-MALI
Submitted batch job 3685915
Submitting Job 843-MALI
Submitted batch job 3685916
Submitting Job 851-MALI
Submitted batch job 3685917
Submitting Job 855-MALI
Submitted batch job 3685918
Submitting Job 857-MALI
Submitted batch job 3685919
Submitting Job 860-MALI
Submitted batch job 3685920
Submitting Job 861-MALI
Submitted batch job 3685921
Submitting Job 863-MALI
Submitted batch job 3685922
Submitting Job 865-MALI
Submitted batch job 3685923
Submitting Job A0018-dna
Submitted batch job 3685924
Submitting Job A0020-dna
Submitted batch job 3685925
Submitting Job A0023-dna
Submitted batch job 3685926
Submitting Job A0028-dna
Submitted batch job 3685927
Submitting Job A0036-dna
Submitted batch job 3685928
Submitting Job A0038-dna
Submitted batch job 3685929
Submitting Job A0039-dna
Submitted batch job 3685930
Submitting Job A0045-dna
Submitted batch job 3685931
Submitting Job A0046-dna
Submitted batch job 3685932
Submitting Job A0047-dna
Submitted batch job 3685933
Submitting Job A0051-dna
Submitted batch job 3685934
Submitting Job A0052-dna
Submitted batch job 3685935
Submitting Job A0065-dna
Submitted batch job 3685936
Submitting Job A0071-dna
Submitted batch job 3685937
Submitting Job A0077-dna
Submitted batch job 3685938
Submitting Job A0080-dna
Submitted batch job 3685939
Submitting Job A0082-dna
Submitted batch job 3685940
Submitting Job A0088-dna
Submitted batch job 3685941
Submitting Job A0094-dna
Submitted batch job 3685942
Submitting Job A0128-dna
Submitted batch job 3685943
Submitting Job A0131-dna
Submitted batch job 3685944
Submitting Job A0148-dna
Submitted batch job 3685945
Submitting Job A0152-dna
Submitted batch job 3685946
Submitting Job A0162-dna
Submitted batch job 3685947
Submitting Job A0196-dna
Submitted batch job 3685948
Submitting Job A0217-dna
Submitted batch job 3685949
Submitting Job A0223-dna
Submitted batch job 3685950
Submitting Job A0232-dna
Submitted batch job 3685951
Submitting Job A0234-dna
Submitted batch job 3685952
Submitting Job A0277-dna
Submitted batch job 3685953
Submitting Job A0278-dna
Submitted batch job 3685954
Submitting Job A0279-dna
Submitted batch job 3685955
Submitting Job A0283-dna
Submitted batch job 3685956
Submitting Job A0287-dna
Submitted batch job 3685957
Submitting Job A0298-dna
Submitted batch job 3685958
Submitting Job A0299-dna
Submitted batch job 3685959
Submitting Job A0305-dna
Submitted batch job 3685960
Submitting Job A0306-dna
Submitted batch job 3685961
Submitting Job A0313-dna
Submitted batch job 3685962
Submitting Job A0314-dna
Submitted batch job 3685963
Submitting Job A0321-dna
Submitted batch job 3685964
Submitting Job A0326-dna
Submitted batch job 3685965
Submitting Job A0329-dna
Submitted batch job 3685966
Submitting Job A0330-dna
Submitted batch job 3685967
Submitting Job A0337-dna
Submitted batch job 3685968
Submitting Job A0339-dna
Submitted batch job 3685969
Submitting Job A0340-dna
Submitted batch job 3685970
Submitting Job A0343-dna
Submitted batch job 3685971
Submitting Job A0344-dna
Submitted batch job 3685972
Submitting Job A0357-dna
Submitted batch job 3685973
Submitting Job AC00036FMCK
Submitted batch job 3685974
Submitting Job AC00043UATH
Submitted batch job 3685975
Submitting Job AC00083ADH
Submitted batch job 3685976
Submitting Job AC00227UATH
Submitted batch job 3685977
Submitting Job AC00228FMCK
Submitted batch job 3685978
Submitting Job AC00288ADH
Submitted batch job 3685979
Submitting Job AC00295FMCK
Submitted batch job 3685980
Submitting Job AC00300UATH
Submitted batch job 3685981
Submitting Job AC00307GHA
Submitted batch job 3685982
Submitting Job AC00319GHA
Submitted batch job 3685983
Submitting Job AC00332ADH
Submitted batch job 3685984
Submitting Job AC00346ADH
Submitted batch job 3685985
Submitting Job AC00445UATH
Submitted batch job 3685986
Submitting Job AC00450UATH
Submitted batch job 3685987
Submitting Job AC00452FMCK
Submitted batch job 3685988
Submitting Job AC00453ADH
Submitted batch job 3685989
Submitting Job AC00453FMCK
Submitted batch job 3685990
Submitting Job AC00470GHA
Submitted batch job 3685991
Submitting Job AC00475ADH
Submitted batch job 3685992
Submitting Job AC00491NHA
Submitted batch job 3685993
Submitting Job AC00492NHA
Submitted batch job 3685994
Submitting Job AC00509NHA
Submitted batch job 3685995
Submitting Job AC00539ADH
Submitted batch job 3685996
Submitting Job AC00551FMCK
Submitted batch job 3685997
Submitting Job AC00552FMCK
Submitted batch job 3685998
Submitting Job AC00564FMCK
Submitted batch job 3685999
Submitting Job AC00585NHA
Submitted batch job 3686000
Submitting Job AC00636GHA
Submitted batch job 3686001
Submitting Job AC00647GHA
Submitted batch job 3686002
Submitting Job AC00739FMCK
Submitted batch job 3686003
Submitting Job AC00776FMCK
Submitted batch job 3686004
Submitting Job AC00871FMCK
Submitted batch job 3686005
Submitting Job AC00961GHA
Submitted batch job 3686006
Submitting Job AC01013NHA
Submitted batch job 3686007
Submitting Job AC01135FMCK
Submitted batch job 3686008
Submitting Job AC01162NHA
Submitted batch job 3686009
Submitting Job AC01175FMCK
Submitted batch job 3686010
Submitting Job AC01214FMCK
Submitted batch job 3686011
Submitting Job AC01219GHA
Submitted batch job 3686012
Submitting Job AC01220GHA
Submitted batch job 3686013
Submitting Job AC01272GHA
Submitted batch job 3686014
Submitting Job AC01276GHA
Submitted batch job 3686015
Submitting Job AC01277GHA
Submitted batch job 3686016
Submitting Job AC01287GHA
Submitted batch job 3686017
Submitting Job AC01329FMCK
Submitted batch job 3686018
Submitting Job AC01372FMCK
Submitted batch job 3686019
Submitting Job AC01463FMCK
Submitted batch job 3686020
Submitting Job AC01497FMCK
Submitted batch job 3686021
Submitting Job AC01508GHA
Submitted batch job 3686022
Submitting Job BWR0009
Submitted batch job 3686023
Submitting Job BWR0010
Submitted batch job 3686024
Submitting Job BWR0011
Submitted batch job 3686025
Submitting Job BWR0012
Submitted batch job 3686026
Submitting Job BWR0013
Submitted batch job 3686027
Submitting Job BWR0016
Submitted batch job 3686028
Submitting Job BWR0018
Submitted batch job 3686029
Submitting Job BWR0019
Submitted batch job 3686030
Submitting Job BWR0026
Submitted batch job 3686031
Submitting Job BWR0027
Submitted batch job 3686032
Submitting Job BWR0029
Submitted batch job 3686033
Submitting Job BWR0032
Submitted batch job 3686034
Submitting Job BWR0033
Submitted batch job 3686035
Submitting Job BWR0039
Submitted batch job 3686036
Submitting Job BWR0041
Submitted batch job 3686037
Submitting Job BWR0042
Submitted batch job 3686038
Submitting Job BWR0043
Submitted batch job 3686039
Submitting Job BWR0045
Submitted batch job 3686040
Submitting Job BWR0047
Submitted batch job 3686041
Submitting Job BWR0051
Submitted batch job 3686042
Submitting Job BWR0057
Submitted batch job 3686043
Submitting Job BWR0060
Submitted batch job 3686044
Submitting Job BWR0063
Submitted batch job 3686045
Submitting Job BWR0064
Submitted batch job 3686046
Submitting Job BWR0070
Submitted batch job 3686047
Submitting Job BWR0077
Submitted batch job 3686048
Submitting Job BWR0079
Submitted batch job 3686049
Submitting Job BWR0081
Submitted batch job 3686050
Submitting Job BWR0086
Submitted batch job 3686051
Submitting Job BWR0087
Submitted batch job 3686052
Submitting Job BWR0093
Submitted batch job 3686053
Submitting Job BWR0094
Submitted batch job 3686054
Submitting Job BWR0099
Submitted batch job 3686055
Submitting Job BWR0103
Submitted batch job 3686056
Submitting Job BWR0104
Submitted batch job 3686057
Submitting Job BWR0105
Submitted batch job 3686058
Submitting Job BWR0106
Submitted batch job 3686059
Submitting Job BWR0108
Submitted batch job 3686060
Submitting Job BWR0111
Submitted batch job 3686061
Submitting Job BWR0122
Submitted batch job 3686062
Submitting Job BWR0131
Submitted batch job 3686063
Submitting Job BWR0132
Submitted batch job 3686064
Submitting Job BWR0133
Submitted batch job 3686065
Submitting Job BWR0134
Submitted batch job 3686066
Submitting Job BWR0140
Submitted batch job 3686067
Submitting Job BWR0152
Submitted batch job 3686068
Submitting Job BWR0165
Submitted batch job 3686069
Submitting Job BWR0169
Submitted batch job 3686070
Submitting Job CB12
Submitted batch job 3686071
Submitting Job CB14
Submitted batch job 3686072
Submitting Job CB15
Submitted batch job 3686073
Submitting Job CB16
Submitted batch job 3686074
Submitting Job CB17
Submitted batch job 3686075
Submitting Job CB24
Submitted batch job 3686076
Submitting Job CB29
Submitted batch job 3686077
Submitting Job CB31
Submitted batch job 3686078
Submitting Job CB32
Submitted batch job 3686079
Submitting Job CB33
Submitted batch job 3686080
Submitting Job CB7
Submitted batch job 3686081
Submitting Job CF24
Submitted batch job 3686082
Submitting Job CF25
Submitted batch job 3686083
Submitting Job CF26
Submitted batch job 3686084
Submitting Job CF27
Submitted batch job 3686085
Submitting Job CF30
Submitted batch job 3686086
Submitting Job CF37
Submitted batch job 3686087
Submitting Job CF46
Submitted batch job 3686088
Submitting Job CF49
Submitted batch job 3686089
Submitting Job CP17
Submitted batch job 3686090
Submitting Job CP28
Submitted batch job 3686091
Submitting Job CP36
Submitted batch job 3686092
Submitting Job CP38
Submitted batch job 3686093
Submitting Job CP40
Submitted batch job 3686094
Submitting Job CP48
Submitted batch job 3686095
Submitting Job CP9
Submitted batch job 3686096
Submitting Job HZS0Q
Submitted batch job 3686097
Submitting Job HZT0R
Submitted batch job 3686098
Submitting Job HZW0T
Submitted batch job 3686099
Submitting Job HZX0V
Submitted batch job 3686100
Submitting Job HZZ0X
Submitted batch job 3686101
Submitting Job IAA0B
Submitted batch job 3686102
Submitting Job IAC0D
Submitted batch job 3686103
Submitting Job IAD0E
Submitted batch job 3686104
Submitting Job IAF0G
Submitted batch job 3686105
Submitting Job IAG0H
Submitted batch job 3686106
Submitting Job IAI0J
Submitted batch job 3686107
Submitting Job IAJ0K
Submitted batch job 3686108
Submitting Job IAL0M
Submitted batch job 3686109
Submitting Job IAM0N
Submitted batch job 3686110
Submitting Job IAP0Q
Submitted batch job 3686111
Submitting Job IAQ0R
Submitted batch job 3686112
Submitting Job IAS0T
Submitted batch job 3686113
Submitting Job IAT0V
Submitted batch job 3686114
Submitting Job IAW0X
Submitted batch job 3686115
Submitting Job IAX0Y
Submitted batch job 3686116
Submitting Job IAZ0B
Submitted batch job 3686117
Submitting Job IBA0D
Submitted batch job 3686118
Submitting Job IBC0F
Submitted batch job 3686119
Submitting Job IBD0G
Submitted batch job 3686120
Submitting Job IBF0I
Submitted batch job 3686121
Submitting Job IBG0J
Submitted batch job 3686122
Submitting Job IBI0L
Submitted batch job 3686123
Submitting Job IBJ0M
Submitted batch job 3686124
Submitting Job IBL0P
Submitted batch job 3686125
Submitting Job IBM0Q
Submitted batch job 3686126
Submitting Job IBP0S
Submitted batch job 3686127
Submitting Job IBQ0T
Submitted batch job 3686128
Submitting Job IBS0W
Submitted batch job 3686129
Submitting Job IBT0X
Submitted batch job 3686130
Submitting Job LZN0A
Submitted batch job 3686131
Submitting Job LZP0B
Submitted batch job 3686132
Submitting Job PAP0K
Submitted batch job 3686133
Submitting Job PAS0N
Submitted batch job 3686134
Submitting Job PAT0P
Submitted batch job 3686135
Submitting Job PAV0Q
Submitted batch job 3686136
Submitting Job PAZ0V
Submitted batch job 3686137
Submitting Job PBA0X
Submitted batch job 3686138
Submitting Job PBC0A
Submitted batch job 3686139
Submitting Job PBD0B
Submitted batch job 3686140
Submitting Job PBG0E
Submitted batch job 3686141
Submitting Job PBH0F
Submitted batch job 3686142
Submitting Job PBK0I
Submitted batch job 3686143
Submitting Job PBM0K
Submitted batch job 3686144
Submitting Job PBP0M
Submitted batch job 3686145
Submitting Job PBV0S
Submitted batch job 3686146
Submitting Job PBW0T
Submitted batch job 3686147
Submitting Job PCA0A
Submitted batch job 3686148
Submitting Job PCC0C
Submitted batch job 3686149
Submitting Job PCD0D
Submitted batch job 3686150
Submitting Job PCG0G
Submitted batch job 3686151
Submitting Job PDT0W
Submitted batch job 3686152
Submitting Job PEC0G
Submitted batch job 3686153
Submitting Job PZK0G
Submitted batch job 3686154
Submitting Job PZR0M
Submitted batch job 3686155
Submitting Job PZT0P
Submitted batch job 3686156
Submitting Job SCD-22
Submitted batch job 3686157
Submitting Job SCD-225
Submitted batch job 3686158
Submitting Job SCD-33
Submitted batch job 3686159
Submitting Job SCD-337
Submitted batch job 3686160
Submitting Job SCD-348
Submitted batch job 3686161
Submitting Job SCD-356
Submitted batch job 3686162
Submitting Job SCD-363
Submitted batch job 3686163
Submitting Job SCD-369
Submitted batch job 3686164
Submitting Job SCD-398
Submitted batch job 3686165
Submitting Job SCD-41
Submitted batch job 3686166
Submitting Job SCD-421
Submitted batch job 3686167
Submitting Job SCD-425
Submitted batch job 3686168
Submitting Job SCD-436
Submitted batch job 3686169
Submitting Job SCD-479
Submitted batch job 3686170
Submitting Job SCD-526
Submitted batch job 3686171
Submitting Job SCD109
Submitted batch job 3686172
Submitting Job SCD132
Submitted batch job 3686173
Submitting Job SCD351
Submitted batch job 3686174
Submitting Job SCD376
Submitted batch job 3686175
Submitting Job SCD461
Submitted batch job 3686176
Submitting Job SCD47
Submitted batch job 3686177
Submitting Job SCD512
Submitted batch job 3686178
Submitting Job SCD515
Submitted batch job 3686179
Submitting Job SCD595
Submitted batch job 3686180
Submitting Job ZC008
Submitted batch job 3686181
Submitting Job ZC009
Submitted batch job 3686182
Submitting Job ZC010
Submitted batch job 3686183
Submitting Job ZC011
Submitted batch job 3686184
Submitting Job ZC013
Submitted batch job 3686185
Submitting Job ZC014
Submitted batch job 3686186
Submitting Job ZC022
Submitted batch job 3686187
Submitting Job ZC023
Submitted batch job 3686188
Submitting Job ZC024
Submitted batch job 3686189
Submitting Job ZC025
Submitted batch job 3686190
Submitting Job ZC026
Submitted batch job 3686191
Submitting Job ZC027
Submitted batch job 3686192
Submitting Job ZC028
Submitted batch job 3686193
Submitting Job ZM018
Submitted batch job 3686194
Submitting Job ZM020
Submitted batch job 3686195
Submitting Job ZM021
Submitted batch job 3686196
Submitting Job ZR001
Submitted batch job 3686197
Submitting Job ZR002
Submitted batch job 3686198
Submitting Job ZR004
Submitted batch job 3686199
Submitting Job ZR005
Submitted batch job 3686200
Submitting Job ZR006
Submitted batch job 3686201
Submitting Job ZR007
Submitted batch job 3686202
Submitting Job ZR029
Submitted batch job 3686203
Submitting Job ZR030
Submitted batch job 3686204
Submitting Job ZR031
Submitted batch job 3686205
Submitting Job ZR032
Submitted batch job 3686206
Submitting Job ZR033
Submitted batch job 3686207
Submitting Job ZR034
Submitted batch job 3686208
Submitting Job ZR035
Submitted batch job 3686209
Submitting Job ZR036
Submitted batch job 3686210
Submitting Job ZR037
Submitted batch job 3686211
Submitting Job ZR038
Submitted batch job 3686212
Submitting Job ZR039
Submitted batch job 3686213
Submitting Job ZR040
Submitted batch job 3686214
Submitting Job ZR041
Submitted batch job 3686215
Submitting Job ZR042
Submitted batch job 3686216
Submitting Job ZR043
Submitted batch job 3686217
Submitting Job ZR044
Submitted batch job 3686218
Submitting Job ZR046
Submitted batch job 3686219
Submitting Job ZR047
Submitted batch job 3686220
Submitting Job ZR049
Submitted batch job 3686221
