Submitting Job 1-1Gui-Seq_141015_L008
Submitted batch job 3692313
Submitting Job 1-Bolk_006-2_150310_L006
Submitted batch job 3692314
Submitting Job 1-Gui_Seq_31_ADN_BC_32-6_S1_151001_L007
Submitted batch job 3692315
Submitting Job 1-UN350C_141219_L004
Submitted batch job 3692316
Submitting Job 1-UO_005T_150730_L001
Submitted batch job 3692317
Submitting Job 10-10Gui-Seq_141107_L003
Submitted batch job 3692318
Submitting Job 10-Bolk_002-3_150312_L008
Submitted batch job 3692319
Submitting Job 10-CI_Seq_44_ADN_BC_BS_B11_150929_L007
Submitted batch job 3692320
Submitting Job 10-Gui_Seq_40_ADN_BC_Bo366-1_E1_151009_L002
Submitted batch job 3692321
Submitting Job 10-UO_113T_150731_L003
Submitted batch job 3692322
Submitting Job 10_150304_L001
Submitted batch job 3692323
Submitting Job 11-11Gui-Seq_141107_L004
Submitted batch job 3692324
Submitting Job 11-CI_Seq_45_ADN_BC_BONT1_150929_L008
Submitted batch job 3692325
Submitting Job 11-Gui_Seq_41_ADN_BC_5-2_S1_151009_L003
Submitted batch job 3692326
Submitting Job 11-Nag_019-3_150324_L001
Submitted batch job 3692327
Submitting Job 11-UO_124T_150731_L004
Submitted batch job 3692328
Submitting Job 11_150302_L002
Submitted batch job 3692329
Submitting Job 12-12Gui-Seq_141107_L004
Submitted batch job 3692330
Submitting Job 12-BC_A17_150324_L001
Submitted batch job 3692331
Submitting Job 12-Gui_Seq_42_ADN_BC_17-1_S1_151009_L003
Submitted batch job 3692332
Submitting Job 12-UO_125T_150731_L004
Submitted batch job 3692333
Submitting Job 12_150304_L004
Submitted batch job 3692334
Submitting Job 13-13Gui-Seq_141107_L005
Submitted batch job 3692335
Submitting Job 13-Gui_Seq_43_ADN_BC_24-6_S1_151009_L004
Submitted batch job 3692336
Submitting Job 13-RB103T-C_150611_L007
Submitted batch job 3692337
Submitting Job 13-UO_134T_150731_L005
Submitted batch job 3692338
Submitting Job 14-14Gui-Seq_141107_L005
Submitted batch job 3692339
Submitting Job 14-CI_Seq_48_ADN_BC_BONT3_150929_L008
Submitted batch job 3692340
Submitting Job 14-Gui_Seq_44_ADN_BC_25-6_S1_151009_L004
Submitted batch job 3692341
Submitting Job 14-UO_136T_150731_L005
Submitted batch job 3692342
Submitting Job 14_150304_L001
Submitted batch job 3692343
Submitting Job 15-15Gui-Seq_141107_L006
Submitted batch job 3692344
Submitting Job 15-BC_A26_150324_L002
Submitted batch job 3692345
Submitting Job 15-CI_Seq_49_ADN_BC_Yaoyao_013-1_151001_L003
Submitted batch job 3692346
Submitting Job 15-Gui_Seq_45_ADN_BC_22-6_S1_151009_L005
Submitted batch job 3692347
Submitting Job 15-Gui_Seq_45_ADN_BC_22-6_S1_151021_L008
Submitted batch job 3692348
Submitting Job 15-RB105T-C_150611_L007
Submitted batch job 3692349
Submitting Job 15-UO_140T_150731_L006
Submitted batch job 3692350
Submitting Job 16-16Gui-Seq_141107_L006
Submitted batch job 3692351
Submitting Job 16-CI_Seq_50_ADN_BC_Zeme_001-1_151001_L003
Submitted batch job 3692352
Submitting Job 16-Gui_Seq_46_ADN_BC_30-2_S1_151009_L005
Submitted batch job 3692353
Submitting Job 16-Gui_Seq_46_ADN_BC_30-2_S1_151021_L008
Submitted batch job 3692354
Submitting Job 16-RB106T-C_150611_L008
Submitted batch job 3692355
Submitting Job 16-UO_142T_150731_L006
Submitted batch job 3692356
Submitting Job 17-BC_B4_150324_L002
Submitted batch job 3692357
Submitting Job 17-CI_Seq_51_ADN_BC_Bolk_Dow1_151001_L004
Submitted batch job 3692358
Submitting Job 17-Gui_Seq_47_ADN_BC_33-6_S1_151009_L006
Submitted batch job 3692359
Submitting Job 17-Gui_Seq_47_ADN_BC_33-6_S1_151021_L008
Submitted batch job 3692360
Submitting Job 17-UO_144T_150731_L007
Submitted batch job 3692361
Submitting Job 17_150304_L002
Submitted batch job 3692362
Submitting Job 18-CI_Seq_52_ADN_BC_HAT1_151001_L004
Submitted batch job 3692363
Submitting Job 18-Gui_Seq_48_ADN_BC_Bo2-6_S1_151009_L006
Submitted batch job 3692364
Submitting Job 18-Gui_Seq_48_ADN_BC_Bo2-6_S1_151021_L008
Submitted batch job 3692365
Submitting Job 18-Nag_001-2_150324_L003
Submitted batch job 3692366
Submitting Job 18-RB108T-C_150611_L008
Submitted batch job 3692367
Submitting Job 18-UO_148T_150731_L007
Submitted batch job 3692368
Submitting Job 18_Gui-Seq_141024_L004
Submitted batch job 3692369
Submitting Job 19-CI_Seq_53_ADN_BC_Nag_001-1_151001_L005
Submitted batch job 3692370
Submitting Job 19-Gui_Seq_49_ADN_BC_Du12-6_S1_151009_L007
Submitted batch job 3692371
Submitting Job 19-Nag_007-2_150324_L003
Submitted batch job 3692372
Submitting Job 19-UO_153T_150813_L001
Submitted batch job 3692373
Submitting Job 2-2Gui-Seq_141015_L008
Submitted batch job 3692374
Submitting Job 2-Bolk_006-3_150310_L006
Submitted batch job 3692375
Submitting Job 2-Gui_Seq_32_ADN_BC_8-1_S2_151001_L007
Submitted batch job 3692376
Submitting Job 2-UN369C_141219_L004
Submitted batch job 3692377
Submitting Job 2-UO_044T_150730_L001
Submitted batch job 3692378
Submitting Job 20-CI_Seq_54_ADN_BC_Yaoyao_004-1_151001_L005
Submitted batch job 3692379
Submitting Job 20-Gui_Seq_50_ADN_BC_Du20-6_S1_151009_L007
Submitted batch job 3692380
Submitting Job 20-Nag_005-2_150324_L004
Submitted batch job 3692381
Submitting Job 20-UO_157T_150813_L001
Submitted batch job 3692382
Submitting Job 20_150302_L001
Submitted batch job 3692383
Submitting Job 20_Gui-Seq_141024_L004
Submitted batch job 3692384
Submitting Job 21-21Gui-Seq_141107_L007
Submitted batch job 3692385
Submitting Job 21-Gui_Seq_51_ADN_BC_Du11-6_S1_151021_L005
Submitted batch job 3692386
Submitting Job 21-Nag_002-2_150324_L004
Submitted batch job 3692387
Submitting Job 21-UO_006C_150813_L002
Submitted batch job 3692388
Submitting Job 22-Gui_Seq_52_ADN_BC_Du13-15_E1_151021_L005
Submitted batch job 3692389
Submitting Job 22-Nag_034-3_150324_L005
Submitted batch job 3692390
Submitting Job 22-UO_045C_150813_L002
Submitted batch job 3692391
Submitting Job 22_150304_L004
Submitted batch job 3692392
Submitting Job 23-23Gui-Seq_141107_L007
Submitted batch job 3692393
Submitting Job 23-BC_A7_150324_L005
Submitted batch job 3692394
Submitting Job 23-Gui_Seq_53_ADN_BC_Bo5-6_S1_151021_L006
Submitted batch job 3692395
Submitting Job 23-Gui_Seq_53_ADN_BC_Bo5-6_S1_151021_L007
Submitted batch job 3692396
Submitting Job 23-UO_064C_150813_L003
Submitted batch job 3692397
Submitting Job 24-24Gui-Seq_141121_L001
Submitted batch job 3692398
Submitting Job 24-BC_A10_150324_L006
Submitted batch job 3692399
Submitting Job 24-Gui_Seq_54_ADN_BC_Du15-6_S1_151021_L006
Submitted batch job 3692400
Submitting Job 24-Gui_Seq_54_ADN_BC_Du15-6_S1_151021_L007
Submitted batch job 3692401
Submitting Job 24-RB114T_C_150616_L001
Submitted batch job 3692402
Submitting Job 24-RB114T_C_150616_L002
Submitted batch job 3692403
Submitting Job 24-UO_065C_150813_L003
Submitted batch job 3692404
Submitting Job 25-25Gui-Seq_141121_L001
Submitted batch job 3692405
Submitting Job 25-BC_A6_150324_L006
Submitted batch job 3692406
Submitting Job 25-Gui_Seq_55_ADN_BC_Du14-6_S1_151021_L006
Submitted batch job 3692407
Submitting Job 25-Gui_Seq_55_ADN_BC_Du14-6_S1_151021_L007
Submitted batch job 3692408
Submitting Job 25-RB115T_C_150616_L001
Submitted batch job 3692409
Submitting Job 25-RB115T_C_150616_L002
Submitted batch job 3692410
Submitting Job 25-UO_068C_150813_L004
Submitted batch job 3692411
Submitting Job 26-BC_A37_150324_L007
Submitted batch job 3692412
Submitting Job 26-RB116T_C_150616_L001
Submitted batch job 3692413
Submitting Job 26-RB116T_C_150616_L002
Submitted batch job 3692414
Submitting Job 26-UO_070C_150813_L004
Submitted batch job 3692415
Submitting Job 26_Gui-Seq_141024_L005
Submitted batch job 3692416
Submitting Job 27-UO_072C_150813_L001
Submitted batch job 3692417
Submitting Job 27-Zeme_003-2_150324_L007
Submitted batch job 3692418
Submitting Job 27_150304_L003
Submitted batch job 3692419
Submitting Job 28-RB118T_C_150616_L003
Submitted batch job 3692420
Submitting Job 28-UO_073C_150813_L001
Submitted batch job 3692421
Submitting Job 28-Zeme_003-3_150324_L008
Submitted batch job 3692422
Submitting Job 29-RB119T_C_150616_L003
Submitted batch job 3692423
Submitting Job 29-UO_075C_150813_L002
Submitted batch job 3692424
Submitting Job 29-Zeme_006-2_150324_L008
Submitted batch job 3692425
Submitting Job 29_Gui-Seq_141024_L005
Submitted batch job 3692426
Submitting Job 3-3Gui-Seq_141107_L001
Submitted batch job 3692427
Submitting Job 3-Gui_Seq_33_ADN_BC_47-6_S1_151009_L001
Submitted batch job 3692428
Submitting Job 3-Kouakou_004-2_150310_L007
Submitted batch job 3692429
Submitting Job 3-UN386C_141219_L005
Submitted batch job 3692430
Submitting Job 3-UO_046T_150730_L002
Submitted batch job 3692431
Submitting Job 30-30Gui-Seq_141121_L002
Submitted batch job 3692432
Submitting Job 30-RB122T_C_150616_L004
Submitted batch job 3692433
Submitting Job 30-UO_077C_150813_L002
Submitted batch job 3692434
Submitting Job 30-Zeme_004-2_150410_L001
Submitted batch job 3692435
Submitting Job 31-UN071C_141121_L002
Submitted batch job 3692436
Submitting Job 31-UO_079C_150813_L003
Submitted batch job 3692437
Submitting Job 31-Zeme_002-2_150410_L001
Submitted batch job 3692438
Submitting Job 31_150304_L003
Submitted batch job 3692439
Submitting Job 32-RB124T_C_150616_L004
Submitted batch job 3692440
Submitting Job 32-UN077C_141107_L008
Submitted batch job 3692441
Submitting Job 32-UO_080C_150813_L003
Submitted batch job 3692442
Submitting Job 32-Zeme_006-3_150410_L002
Submitted batch job 3692443
Submitting Job 33-UN079C_141107_L008
Submitted batch job 3692444
Submitting Job 33-UO_082C_150813_L004
Submitted batch job 3692445
Submitting Job 33-Zeme_001-3_150410_L002
Submitted batch job 3692446
Submitting Job 34-UO_088C_150813_L004
Submitted batch job 3692447
Submitting Job 35-UN038C_141121_L003
Submitted batch job 3692448
Submitting Job 35-UO_090C_150813_L005
Submitted batch job 3692449
Submitting Job 36-UN046C_141121_L003
Submitted batch job 3692450
Submitting Job 36-UO_091C_150813_L005
Submitted batch job 3692451
Submitting Job 37-RB142T_C_150616_L005
Submitted batch job 3692452
Submitting Job 37-UN015C_141121_L004
Submitted batch job 3692453
Submitting Job 37-UO_092C_150902_L001
Submitted batch job 3692454
Submitting Job 38-RB151T_C_150616_L005
Submitted batch job 3692455
Submitting Job 38-UN073C_141121_L004
Submitted batch job 3692456
Submitting Job 38-UO_093C_150902_L001
Submitted batch job 3692457
Submitting Job 39-UN013C_141024_L006
Submitted batch job 3692458
Submitting Job 39-UO_098C_150902_L002
Submitted batch job 3692459
Submitting Job 39_150304_L002
Submitted batch job 3692460
Submitting Job 4-4Gui-Seq_141107_L001
Submitted batch job 3692461
Submitting Job 4-Gui_Seq_34_ADN_BC_12-6_S2_151009_L001
Submitted batch job 3692462
Submitting Job 4-Kouakou_004-3_150310_L007
Submitted batch job 3692463
Submitting Job 4-RB091T-C_150611_L006
Submitted batch job 3692464
Submitting Job 4-UN351C_141219_L005
Submitted batch job 3692465
Submitting Job 4-UO_048T_150730_L002
Submitted batch job 3692466
Submitting Job 40-UN059C_141024_L006
Submitted batch job 3692467
Submitting Job 40-UO_099C_150902_L002
Submitted batch job 3692468
Submitting Job 41-UN050C_141121_L005
Submitted batch job 3692469
Submitting Job 41-UO_100C_150902_L003
Submitted batch job 3692470
Submitting Job 42-UN066C_141121_L005
Submitted batch job 3692471
Submitting Job 42-UO_105C_150902_L003
Submitted batch job 3692472
Submitting Job 43-UN056C_141106_L004
Submitted batch job 3692473
Submitting Job 43-UO_106C_150902_L004
Submitted batch job 3692474
Submitting Job 44-UN029C_141106_L004
Submitted batch job 3692475
Submitting Job 44-UO_107C_150902_L004
Submitted batch job 3692476
Submitting Job 45-UN022C_141024_L007
Submitted batch job 3692477
Submitting Job 45-UO_109C_150902_L005
Submitted batch job 3692478
Submitting Job 46-UN068C_141024_L007
Submitted batch job 3692479
Submitting Job 46-UO_114C_150902_L005
Submitted batch job 3692480
Submitting Job 47-UN051C_141106_L005
Submitted batch job 3692481
Submitting Job 47-UO_115C_150902_L006
Submitted batch job 3692482
Submitting Job 48-UN044C_141106_L005
Submitted batch job 3692483
Submitting Job 48-UO_127C_150902_L006
Submitted batch job 3692484
Submitting Job 49-UN039C_141121_L006
Submitted batch job 3692485
Submitting Job 49-UO_137C_150902_L007
Submitted batch job 3692486
Submitting Job 5-5Gui-Seq_141107_L002
Submitted batch job 3692487
Submitting Job 5-BC-B1_150310_L008
Submitted batch job 3692488
Submitting Job 5-Gui_Seq_35_ADN_BC_Bo101-2_S1_151009_L002
Submitted batch job 3692489
Submitting Job 5-UN371C_141219_L006
Submitted batch job 3692490
Submitting Job 5-UO_063T_150731_L001
Submitted batch job 3692491
Submitting Job 50-UO_185C_150902_L007
Submitted batch job 3692492
Submitting Job 52-UN062C_141121_L006
Submitted batch job 3692493
Submitting Job 53-UN020C_141024_L008
Submitted batch job 3692494
Submitting Job 54-UN067C_141024_L008
Submitted batch job 3692495
Submitting Job 55-UN049C_141106_L006
Submitted batch job 3692496
Submitting Job 56-UN074C_141106_L006
Submitted batch job 3692497
Submitting Job 57-UN047C_141106_L007
Submitted batch job 3692498
Submitting Job 58-UN072C_141106_L007
Submitted batch job 3692499
Submitting Job 59-UN040C_141106_L008
Submitted batch job 3692500
Submitting Job 5_150302_L001
Submitted batch job 3692501
Submitting Job 6-6Gui-Seq_141107_L002
Submitted batch job 3692502
Submitting Job 6-BC-B3_150310_L008
Submitted batch job 3692503
Submitting Job 6-Gui_Seq_36_ADN_BC_Du131-6_E1_151009_L002
Submitted batch job 3692504
Submitting Job 6-UN383C_141219_L006
Submitted batch job 3692505
Submitting Job 6-UO_069T_150731_L001
Submitted batch job 3692506
Submitting Job 60-UN105C_141106_L008
Submitted batch job 3692507
Submitting Job 6_150302_L002
Submitted batch job 3692508
Submitting Job 7-Gui_Seq_37_ADN_BC_Du174-6_E1_151009_L001
Submitted batch job 3692509
Submitting Job 7-Nag_029-3_150312_L007
Submitted batch job 3692510
Submitting Job 7-RB094T-C_150611_L006
Submitted batch job 3692511
Submitting Job 7-UO_071T_150731_L002
Submitted batch job 3692512
Submitting Job 7_Gui-Seq_141024_L003
Submitted batch job 3692513
Submitting Job 8-Gui_Seq_38_ADN_BC_Du162-6_E1_151009_L001
Submitted batch job 3692514
Submitting Job 8-UO_074T_150731_L002
Submitted batch job 3692515
Submitting Job 8-Zeme_007-2_150312_L007
Submitted batch job 3692516
Submitting Job 8031_21-CI_Seq_55_ADN_BC_Prozi_003-1_151001_L006
Submitted batch job 3692517
Submitting Job 8031_22-CI_Seq_56_ADN_BC_Zeme_007-1_151001_L006
Submitted batch job 3692518
Submitting Job 8_Gui-Seq_141024_L003
Submitted batch job 3692519
Submitting Job 9-9Gui-Seq_141107_L003
Submitted batch job 3692520
Submitting Job 9-CI_Seq_43_ADN_BC_BNS_B12_150929_L007
Submitted batch job 3692521
Submitting Job 9-Gui_Seq_39_ADN_BC_Bo278-2_E1_151009_L002
Submitted batch job 3692522
Submitting Job 9-Nag_009-3_150312_L008
Submitted batch job 3692523
Submitting Job 9-UO_076T_150731_L003
Submitted batch job 3692524
